<?xml version="1.0" encoding="UTF-8"?>
<testsuite xmlns:xsi="http://www.w3.org/2001/XMLSchema-instance" xsi:noNamespaceSchemaLocation="https://maven.apache.org/surefire/maven-surefire-plugin/xsd/surefire-test-report-3.0.xsd" version="3.0" name="com.megacitycab.dao.UserDAOTest" time="0.7" tests="1" errors="1" skipped="0" failures="0">
  <properties>
[...]
</properties>
  <testcase name="testCreateUser" classname="com.megacitycab.dao.UserDAOTest" time="0.621">
    <error message="Data truncation: Incorrect integer value: &apos;&apos; for column `poornacab`.`users`.`us_contact_no` at row 1" type="com.mysql.cj.jdbc.exceptions.MysqlDataTruncation"><![CDATA[com.mysql.cj.jdbc.exceptions.MysqlDataTruncation: Data truncation: Incorrect integer value: '' for column `poornacab`.`users`.`us_contact_no` at row 1
	at com.mysql.cj.jdbc.exceptions.SQLExceptionsMapping.translateException(SQLExceptionsMapping.java:104)
	at com.mysql.cj.jdbc.ClientPreparedStatement.executeInternal(ClientPreparedStatement.java:916)
	at com.mysql.cj.jdbc.ClientPreparedStatement.executeUpdateInternal(ClientPreparedStatement.java:1061)
	at com.mysql.cj.jdbc.ClientPreparedStatement.executeUpdateInternal(ClientPreparedStatement.java:1009)
	at com.mysql.cj.jdbc.ClientPreparedStatement.executeLargeUpdate(ClientPreparedStatement.java:1320)
	at com.mysql.cj.jdbc.ClientPreparedStatement.executeUpdate(ClientPreparedStatement.java:994)
	at com.megacitycab.dao.UserDAO.createUser(UserDAO.java:60)
	at com.megacitycab.dao.UserDAOTest.testCreateUser(UserDAOTest.java:71)
	at java.base/java.lang.reflect.Method.invoke(Method.java:580)
	at java.base/java.util.ArrayList.forEach(ArrayList.java:1596)
	at java.base/java.util.ArrayList.forEach(ArrayList.java:1596)
]]></error>
    <system-out><![CDATA[createUser
]]></system-out>
  </testcase>
</testsuite>